<?xml version="1.0" encoding="UTF-8"?>
<testng-results skipped="0" failed="0" ignored="0" total="0" passed="0">
  <reporter-output>
  </reporter-output>
  <suite name="com.stepdefinition.TestRunner" duration-ms="4" started-at="2020-09-17T08:19:03Z" finished-at="2020-09-17T08:19:03Z">
    <groups>
    </groups>
    <test name="Command line test" duration-ms="4" started-at="2020-09-17T08:19:03Z" finished-at="2020-09-17T08:19:03Z">
    </test> <!-- Command line test -->
  </suite> <!-- com.stepdefinition.TestRunner -->
</testng-results>
